  wall.cpp
  ui.cpp
  tutorial.cpp
  title.cpp
  sound.cpp
  shadow.cpp
  select.cpp
  scene3D.cpp
  scene2D.cpp
  scene.cpp
  resultcamerra.cpp
  result.cpp
  renderer.cpp
  ranking.cpp
  polygon3D.cpp
  player.cpp
  pause.cpp
  object.cpp
  number.cpp
  motion.cpp
  コードを生成中...
  コンパイル中...
  model3D.cpp
  model.cpp
  meshorbit.cpp
  meshfield.cpp
  meshCylinder.cpp
  mesh.cpp
  manager.cpp
  main.cpp
  loadText.cpp
  light.cpp
  input.cpp
  incline.cpp
  gamePlay.cpp
  gameCharSelect.cpp
  gamecamera.cpp
  game.cpp
  feed.cpp
  fade.cpp
  enemy.cpp
  egg.cpp
  コードを生成中...
  コンパイル中...
  debugproc.cpp
  camerabace.cpp
  billboord.cpp
  コードを生成中...
  Taxi.vcxproj -> C:\Users\game126\Desktop\BaseProjectaaaaa\Taxi\Debug\Taxi.exe
  Taxi.vcxproj -> C:\Users\game126\Desktop\BaseProjectaaaaa\Taxi\Debug\Taxi.pdb (Full PDB)
